[2021-02-10 16:51:59] local.ERROR: There are no commands defined in the "permission" namespace. {"exception":"[object] (Symfony\\Component\\Console\\Exception\\NamespaceNotFoundException(code: 0): There are no commands defined in the \"permission\" namespace. at C:\\Users\\mikel\\eclipse-workspace\\Milestone\\vendor\\symfony\\console\\Application.php:604)
[stacktrace]
#0 C:\\Users\\mikel\\eclipse-workspace\\Milestone\\vendor\\symfony\\console\\Application.php(657): Symfony\\Component\\Console\\Application->findNamespace('permission')
#1 C:\\Users\\mikel\\eclipse-workspace\\Milestone\\vendor\\symfony\\console\\Application.php(237): Symfony\\Component\\Console\\Application->find('permission:')
#2 C:\\Users\\mikel\\eclipse-workspace\\Milestone\\vendor\\symfony\\console\\Application.php(149): Symfony\\Component\\Console\\Application->doRun(Object(Symfony\\Component\\Console\\Input\\ArgvInput), Object(Symfony\\Component\\Console\\Output\\ConsoleOutput))
#3 C:\\Users\\mikel\\eclipse-workspace\\Milestone\\vendor\\laravel\\framework\\src\\Illuminate\\Console\\Application.php(90): Symfony\\Component\\Console\\Application->run(Object(Symfony\\Component\\Console\\Input\\ArgvInput), Object(Symfony\\Component\\Console\\Output\\ConsoleOutput))
#4 C:\\Users\\mikel\\eclipse-workspace\\Milestone\\vendor\\laravel\\framework\\src\\Illuminate\\Foundation\\Console\\Kernel.php(133): Illuminate\\Console\\Application->run(Object(Symfony\\Component\\Console\\Input\\ArgvInput), Object(Symfony\\Component\\Console\\Output\\ConsoleOutput))
#5 C:\\Users\\mikel\\eclipse-workspace\\Milestone\\artisan(37): Illuminate\\Foundation\\Console\\Kernel->handle(Object(Symfony\\Component\\Console\\Input\\ArgvInput), Object(Symfony\\Component\\Console\\Output\\ConsoleOutput))
#6 {main}
"} 
[2021-02-10 16:52:31] local.ERROR: There are no commands defined in the "permission" namespace. {"exception":"[object] (Symfony\\Component\\Console\\Exception\\NamespaceNotFoundException(code: 0): There are no commands defined in the \"permission\" namespace. at C:\\Users\\mikel\\eclipse-workspace\\Milestone\\vendor\\symfony\\console\\Application.php:604)
[stacktrace]
#0 C:\\Users\\mikel\\eclipse-workspace\\Milestone\\vendor\\symfony\\console\\Application.php(657): Symfony\\Component\\Console\\Application->findNamespace('permission')
#1 C:\\Users\\mikel\\eclipse-workspace\\Milestone\\vendor\\symfony\\console\\Application.php(237): Symfony\\Component\\Console\\Application->find('permission:crea...')
#2 C:\\Users\\mikel\\eclipse-workspace\\Milestone\\vendor\\symfony\\console\\Application.php(149): Symfony\\Component\\Console\\Application->doRun(Object(Symfony\\Component\\Console\\Input\\ArgvInput), Object(Symfony\\Component\\Console\\Output\\ConsoleOutput))
#3 C:\\Users\\mikel\\eclipse-workspace\\Milestone\\vendor\\laravel\\framework\\src\\Illuminate\\Console\\Application.php(90): Symfony\\Component\\Console\\Application->run(Object(Symfony\\Component\\Console\\Input\\ArgvInput), Object(Symfony\\Component\\Console\\Output\\ConsoleOutput))
#4 C:\\Users\\mikel\\eclipse-workspace\\Milestone\\vendor\\laravel\\framework\\src\\Illuminate\\Foundation\\Console\\Kernel.php(133): Illuminate\\Console\\Application->run(Object(Symfony\\Component\\Console\\Input\\ArgvInput), Object(Symfony\\Component\\Console\\Output\\ConsoleOutput))
#5 C:\\Users\\mikel\\eclipse-workspace\\Milestone\\artisan(37): Illuminate\\Foundation\\Console\\Kernel->handle(Object(Symfony\\Component\\Console\\Input\\ArgvInput), Object(Symfony\\Component\\Console\\Output\\ConsoleOutput))
#6 {main}
"} 
[2021-02-10 17:38:15] local.ERROR: There are no commands defined in the "migration" namespace.

Did you mean this?
    migrate {"exception":"[object] (Symfony\\Component\\Console\\Exception\\NamespaceNotFoundException(code: 0): There are no commands defined in the \"migration\" namespace.

Did you mean this?
    migrate at C:\\Users\\mikel\\eclipse-workspace\\Milestone\\vendor\\symfony\\console\\Application.php:604)
[stacktrace]
#0 C:\\Users\\mikel\\eclipse-workspace\\Milestone\\vendor\\symfony\\console\\Application.php(657): Symfony\\Component\\Console\\Application->findNamespace('migration')
#1 C:\\Users\\mikel\\eclipse-workspace\\Milestone\\vendor\\symfony\\console\\Application.php(237): Symfony\\Component\\Console\\Application->find('migration:fresh')
#2 C:\\Users\\mikel\\eclipse-workspace\\Milestone\\vendor\\symfony\\console\\Application.php(149): Symfony\\Component\\Console\\Application->doRun(Object(Symfony\\Component\\Console\\Input\\ArgvInput), Object(Symfony\\Component\\Console\\Output\\ConsoleOutput))
#3 C:\\Users\\mikel\\eclipse-workspace\\Milestone\\vendor\\laravel\\framework\\src\\Illuminate\\Console\\Application.php(90): Symfony\\Component\\Console\\Application->run(Object(Symfony\\Component\\Console\\Input\\ArgvInput), Object(Symfony\\Component\\Console\\Output\\ConsoleOutput))
#4 C:\\Users\\mikel\\eclipse-workspace\\Milestone\\vendor\\laravel\\framework\\src\\Illuminate\\Foundation\\Console\\Kernel.php(133): Illuminate\\Console\\Application->run(Object(Symfony\\Component\\Console\\Input\\ArgvInput), Object(Symfony\\Component\\Console\\Output\\ConsoleOutput))
#5 C:\\Users\\mikel\\eclipse-workspace\\Milestone\\artisan(37): Illuminate\\Foundation\\Console\\Kernel->handle(Object(Symfony\\Component\\Console\\Input\\ArgvInput), Object(Symfony\\Component\\Console\\Output\\ConsoleOutput))
#6 {main}
"} 
